{"level":"info","message":"Listening on port 3900...","timestamp":"2022-02-25T10:27:14.890Z"}
{"level":"info","message":"Listening on port 3900...","timestamp":"2022-02-25T10:40:09.918Z"}
{"level":"info","message":"Listening on port 3900...","timestamp":"2022-02-25T10:40:18.818Z"}
{"level":"info","message":"Listening on port 3900...","timestamp":"2022-02-25T10:42:58.812Z"}
{"level":"info","message":"Listening on port 3900...","timestamp":"2022-02-25T15:40:53.600Z"}
{"level":"info","message":"Listening on port 3900...","timestamp":"2022-02-25T15:44:34.536Z"}
{"level":"info","message":"Listening on port 3900...","timestamp":"2022-02-25T15:47:35.828Z"}
{"level":"info","message":"Listening on port 3900...","timestamp":"2022-02-25T15:49:16.490Z"}
{"level":"info","message":"Listening on port 3900...","timestamp":"2022-02-25T15:50:59.826Z"}
{"level":"info","message":"Listening on port 3900...","timestamp":"2022-02-25T15:53:12.679Z"}
{"level":"info","message":"Listening on port 3900...","timestamp":"2022-02-25T15:56:23.511Z"}
{"level":"info","message":"Listening on port 3900...","timestamp":"2022-02-25T15:56:39.215Z"}
{"level":"info","message":"Listening on port 3900...","timestamp":"2022-02-25T15:56:54.380Z"}
{"level":"info","message":"Listening on port 3900...","timestamp":"2022-02-25T15:57:08.171Z"}
{"level":"info","message":"Listening on port 3900...","timestamp":"2022-02-25T15:57:53.365Z"}
{"level":"info","message":"Listening on port 3900...","timestamp":"2022-02-25T15:58:40.965Z"}
{"level":"info","message":"Listening on port 3900...","timestamp":"2022-02-25T16:00:56.167Z"}
{"level":"info","message":"Listening on port 3900...","timestamp":"2022-02-25T16:02:34.254Z"}
{"level":"info","message":"Listening on port 3900...","timestamp":"2022-02-25T16:02:46.366Z"}
{"level":"info","message":"Listening on port 3900...","timestamp":"2022-02-25T16:07:30.443Z"}
{"level":"info","message":"Listening on port 3900...","timestamp":"2022-02-25T16:24:50.778Z"}
{"level":"info","message":"Listening on port 3900...","timestamp":"2022-02-25T16:25:01.558Z"}
{"level":"info","message":"Listening on port 3900...","timestamp":"2022-02-25T16:28:59.508Z"}
{"level":"info","message":"Listening on port 3900...","timestamp":"2022-02-25T16:29:16.388Z"}
{"level":"info","message":"Listening on port 3900...","timestamp":"2022-02-25T16:38:17.073Z"}
{"level":"info","message":"Listening on port 3900...","timestamp":"2022-02-25T16:38:30.846Z"}
{"level":"info","message":"Listening on port 3900...","timestamp":"2022-02-25T16:47:01.408Z"}
{"level":"info","message":"Connected to mongodb+srv://admin1:12345@democluster.rxady.mongodb.net/DemoCluster?retryWrites=true&w=majority...","timestamp":"2022-02-25T16:47:03.793Z"}
{"level":"info","message":"Listening on port 3900...","timestamp":"2022-02-25T16:48:42.716Z"}
{"level":"info","message":"Connected to mongodb+srv://admin1:12345@xamdb.riwwi.mongodb.net/XamDB?retryWrites=true&w=majority...","timestamp":"2022-02-25T16:48:44.864Z"}
{"level":"info","message":"Listening on port 3900...","timestamp":"2022-02-25T16:56:48.196Z"}
{"level":"info","message":"Connected to mongodb+srv://admin1:12345@xamdb.riwwi.mongodb.net/XamDB?retryWrites=true&w=majority...","timestamp":"2022-02-25T16:56:55.117Z"}
{"level":"info","message":"Listening on port 3900...","timestamp":"2022-02-25T16:57:09.094Z"}
{"level":"info","message":"Connected to mongodb+srv://admin1:12345@xamdb.riwwi.mongodb.net/XamDB?retryWrites=true&w=majority...","timestamp":"2022-02-25T16:57:13.829Z"}
{"level":"info","message":"Listening on port 3900...","timestamp":"2022-02-25T17:00:49.768Z"}
{"level":"info","message":"Connected to mongodb+srv://admin1:12345@xamdb.riwwi.mongodb.net/XamDB?retryWrites=true&w=majority...","timestamp":"2022-02-25T17:00:51.796Z"}
{"level":"info","message":"Listening on port 3900...","timestamp":"2022-02-25T17:03:24.520Z"}
{"level":"info","message":"Connected to mongodb+srv://admin1:12345@xamdb.riwwi.mongodb.net/XamDB?retryWrites=true&w=majority...","timestamp":"2022-02-25T17:03:26.731Z"}
{"level":"info","message":"Listening on port 3900...","timestamp":"2022-02-25T17:05:08.857Z"}
{"level":"info","message":"Connected to mongodb+srv://admin1:12345@xamdb.riwwi.mongodb.net/XamDB?retryWrites=true&w=majority...","timestamp":"2022-02-25T17:05:10.997Z"}
{"level":"info","message":"Listening on port 3900...","timestamp":"2022-02-25T17:06:41.640Z"}
{"level":"info","message":"Connected to mongodb+srv://admin1:12345@xamdb.riwwi.mongodb.net/XamDB?retryWrites=true&w=majority...","timestamp":"2022-02-25T17:06:44.634Z"}
{"level":"info","message":"Listening on port 3900...","timestamp":"2022-02-25T17:07:58.879Z"}
{"level":"info","message":"Connected to mongodb+srv://admin1:12345@xamdb.riwwi.mongodb.net/XamDB?retryWrites=true&w=majority...","timestamp":"2022-02-25T17:08:00.634Z"}
{"level":"info","message":"Listening on port 3900...","timestamp":"2022-02-25T17:56:43.244Z"}
{"level":"info","message":"Connected to mongodb+srv://admin1:12345@xamdb.riwwi.mongodb.net/XamDB?retryWrites=true&w=majority...","timestamp":"2022-02-25T17:56:45.325Z"}
{"level":"info","message":"Listening on port 3900...","timestamp":"2022-02-26T15:21:55.150Z"}
{"level":"info","message":"Connected to mongodb+srv://admin1:12345@xamdb.riwwi.mongodb.net/XamDB?retryWrites=true&w=majority...","timestamp":"2022-02-26T15:21:57.122Z"}
{"level":"info","message":"Listening on port 3900...","timestamp":"2022-02-26T15:22:36.130Z"}
{"level":"info","message":"Listening on port 3900...","timestamp":"2022-02-26T15:24:04.861Z"}
{"level":"info","message":"Connected to mongodb+srv://admin1:12345@xamdb.riwwi.mongodb.net/XamDB?retryWrites=true&w=majority...","timestamp":"2022-02-26T15:24:08.763Z"}
{"level":"info","message":"Listening on port 3900...","timestamp":"2022-02-26T15:29:18.019Z"}
{"level":"info","message":"Connected to mongodb+srv://admin1:12345@xamdb.riwwi.mongodb.net/XamDB?retryWrites=true&w=majority...","timestamp":"2022-02-26T15:29:21.697Z"}
{"level":"info","message":"Listening on port 3900...","timestamp":"2022-02-26T16:10:55.932Z"}
{"level":"info","message":"Connected to mongodb+srv://admin1:12345@xamdb.riwwi.mongodb.net/XamDB?retryWrites=true&w=majority...","timestamp":"2022-02-26T16:10:59.181Z"}
{"level":"info","message":"Listening on port 3900...","timestamp":"2022-02-26T16:13:18.342Z"}
{"level":"info","message":"Connected to mongodb+srv://admin1:12345@xamdb.riwwi.mongodb.net/XamDB?retryWrites=true&w=majority...","timestamp":"2022-02-26T16:13:21.106Z"}
{"level":"info","message":"Listening on port 3900...","timestamp":"2022-02-26T16:18:26.100Z"}
{"level":"info","message":"Connected to mongodb+srv://admin1:12345@xamdb.riwwi.mongodb.net/XamDB?retryWrites=true&w=majority...","timestamp":"2022-02-26T16:18:28.505Z"}
{"level":"info","message":"Listening on port 3900...","timestamp":"2022-02-26T16:18:46.798Z"}
{"level":"info","message":"Connected to mongodb+srv://admin1:12345@xamdb.riwwi.mongodb.net/XamDB?retryWrites=true&w=majority...","timestamp":"2022-02-26T16:18:48.475Z"}
{"level":"info","message":"Listening on port 3900...","timestamp":"2022-02-26T16:19:24.474Z"}
{"level":"info","message":"Connected to mongodb+srv://admin1:12345@xamdb.riwwi.mongodb.net/XamDB?retryWrites=true&w=majority...","timestamp":"2022-02-26T16:19:26.363Z"}
{"level":"info","message":"Listening on port 3900...","timestamp":"2022-02-27T15:30:25.036Z"}
{"level":"info","message":"Connected to mongodb+srv://admin1:12345@xamdb.riwwi.mongodb.net/XamDB?retryWrites=true&w=majority...","timestamp":"2022-02-27T15:30:28.127Z"}
{"level":"info","message":"Listening on port 3900...","timestamp":"2022-02-27T15:42:50.240Z"}
{"level":"info","message":"Connected to mongodb+srv://admin1:12345@xamdb.riwwi.mongodb.net/XamDB?retryWrites=true&w=majority...","timestamp":"2022-02-27T15:42:52.624Z"}
{"level":"info","message":"Listening on port 3900...","timestamp":"2022-02-27T15:53:02.610Z"}
{"level":"info","message":"Connected to mongodb+srv://admin1:12345@xamdb.riwwi.mongodb.net/XamDB?retryWrites=true&w=majority...","timestamp":"2022-02-27T15:53:05.050Z"}
{"level":"info","message":"Listening on port 3900...","timestamp":"2022-02-27T17:08:27.080Z"}
{"level":"info","message":"Connected to mongodb+srv://admin1:12345@xamdb.riwwi.mongodb.net/XamDB?retryWrites=true&w=majority...","timestamp":"2022-02-27T17:08:28.831Z"}
{"level":"info","message":"Listening on port 3900...","timestamp":"2022-02-27T17:14:21.313Z"}
{"level":"info","message":"Connected to mongodb+srv://admin1:12345@xamdb.riwwi.mongodb.net/XamDB?retryWrites=true&w=majority...","timestamp":"2022-02-27T17:14:24.373Z"}
{"level":"info","message":"Listening on port 3900...","timestamp":"2022-02-27T17:15:03.947Z"}
{"level":"info","message":"Connected to mongodb+srv://admin1:12345@xamdb.riwwi.mongodb.net/XamDB?retryWrites=true&w=majority...","timestamp":"2022-02-27T17:15:05.640Z"}
{"level":"info","message":"Listening on port 3900...","timestamp":"2022-02-27T17:15:28.445Z"}
{"level":"info","message":"Connected to mongodb+srv://admin1:12345@xamdb.riwwi.mongodb.net/XamDB?retryWrites=true&w=majority...","timestamp":"2022-02-27T17:15:30.094Z"}
{"level":"info","message":"Listening on port 3900...","timestamp":"2022-02-27T17:15:41.809Z"}
{"level":"info","message":"Connected to mongodb+srv://admin1:12345@xamdb.riwwi.mongodb.net/XamDB?retryWrites=true&w=majority...","timestamp":"2022-02-27T17:15:43.969Z"}
{"level":"info","message":"Listening on port 3900...","timestamp":"2022-02-27T17:17:08.838Z"}
{"level":"info","message":"Connected to mongodb+srv://admin1:12345@xamdb.riwwi.mongodb.net/XamDB?retryWrites=true&w=majority...","timestamp":"2022-02-27T17:17:11.282Z"}
{"level":"info","message":"Listening on port 3900...","timestamp":"2022-02-27T17:26:04.556Z"}
{"level":"info","message":"Connected to mongodb+srv://admin1:12345@xamdb.riwwi.mongodb.net/XamDB?retryWrites=true&w=majority...","timestamp":"2022-02-27T17:26:07.285Z"}
{"level":"info","message":"Listening on port 3900...","timestamp":"2022-02-27T17:30:00.831Z"}
{"level":"info","message":"Connected to mongodb+srv://admin1:12345@xamdb.riwwi.mongodb.net/XamDB?retryWrites=true&w=majority...","timestamp":"2022-02-27T17:30:03.538Z"}
{"level":"info","message":"Listening on port 3900...","timestamp":"2022-02-27T17:33:06.877Z"}
{"level":"info","message":"Connected to mongodb+srv://admin1:12345@xamdb.riwwi.mongodb.net/XamDB?retryWrites=true&w=majority...","timestamp":"2022-02-27T17:33:09.881Z"}
{"level":"info","message":"Listening on port 3900...","timestamp":"2022-02-27T17:57:52.896Z"}
{"level":"info","message":"Connected to mongodb+srv://admin1:12345@xamdb.riwwi.mongodb.net/XamDB?retryWrites=true&w=majority...","timestamp":"2022-02-27T17:57:56.171Z"}
{"level":"info","message":"Listening on port 3900...","timestamp":"2022-02-27T18:00:13.809Z"}
{"level":"info","message":"Connected to mongodb+srv://admin1:12345@xamdb.riwwi.mongodb.net/XamDB?retryWrites=true&w=majority...","timestamp":"2022-02-27T18:00:16.691Z"}
{"level":"info","message":"Listening on port 3900...","timestamp":"2022-02-27T18:02:33.903Z"}
{"level":"info","message":"Connected to mongodb+srv://admin1:12345@xamdb.riwwi.mongodb.net/XamDB?retryWrites=true&w=majority...","timestamp":"2022-02-27T18:02:35.934Z"}
{"level":"info","message":"Listening on port 3900...","timestamp":"2022-02-27T18:05:11.695Z"}
{"level":"info","message":"Connected to mongodb+srv://admin1:12345@xamdb.riwwi.mongodb.net/XamDB?retryWrites=true&w=majority...","timestamp":"2022-02-27T18:05:14.454Z"}
{"level":"info","message":"Listening on port 3900...","timestamp":"2022-02-27T18:06:47.079Z"}
{"level":"info","message":"Connected to mongodb+srv://admin1:12345@xamdb.riwwi.mongodb.net/XamDB?retryWrites=true&w=majority...","timestamp":"2022-02-27T18:06:53.161Z"}
{"level":"info","message":"Listening on port 3900...","timestamp":"2022-02-28T04:37:19.618Z"}
{"level":"info","message":"Connected to mongodb+srv://admin1:12345@xamdb.riwwi.mongodb.net/XamDB?retryWrites=true&w=majority...","timestamp":"2022-02-28T04:37:22.844Z"}
{"level":"info","message":"Listening on port 3900...","timestamp":"2022-02-28T04:38:25.600Z"}
{"level":"info","message":"Listening on port 3900...","timestamp":"2022-02-28T04:39:09.093Z"}
{"level":"info","message":"Listening on port 3900...","timestamp":"2022-03-08T04:02:58.835Z"}
{"level":"info","message":"Connected to mongodb+srv://admin1:12345@xamdb.riwwi.mongodb.net/XamDB?retryWrites=true&w=majority...","timestamp":"2022-03-08T04:03:03.278Z"}
{"level":"info","message":"Listening on port 3900...","timestamp":"2022-03-11T07:55:12.928Z"}
{"level":"info","message":"Connected to mongodb+srv://admin1:12345@xamdb.riwwi.mongodb.net/XamDB?retryWrites=true&w=majority...","timestamp":"2022-03-11T07:55:15.020Z"}
{"level":"info","message":"Listening on port 3900...","timestamp":"2022-03-11T08:05:57.913Z"}
{"level":"info","message":"Connected to mongodb+srv://admin1:12345@xamdb.riwwi.mongodb.net/XamDB?retryWrites=true&w=majority...","timestamp":"2022-03-11T08:05:59.657Z"}
{"level":"info","message":"Listening on port 3900...","timestamp":"2022-03-11T08:08:19.637Z"}
{"level":"info","message":"Connected to mongodb+srv://admin1:12345@xamdb.riwwi.mongodb.net/XamDB?retryWrites=true&w=majority...","timestamp":"2022-03-11T08:08:21.203Z"}
{"level":"info","message":"Listening on port 3900...","timestamp":"2022-03-18T05:16:25.647Z"}
{"level":"info","message":"Connected to mongodb+srv://admin1:12345@xamdb.riwwi.mongodb.net/XamDB?retryWrites=true&w=majority...","timestamp":"2022-03-18T05:16:28.047Z"}
{"level":"info","message":"Listening on port 3900...","timestamp":"2022-03-26T04:37:47.562Z"}
{"level":"info","message":"Connected to mongodb+srv://admin1:12345@xamdb.riwwi.mongodb.net/XamDB?retryWrites=true&w=majority...","timestamp":"2022-03-26T04:37:49.197Z"}
{"level":"info","message":"Listening on port 3900...","timestamp":"2022-03-26T04:50:45.359Z"}
{"level":"info","message":"Connected to mongodb+srv://admin1:12345@xamdb.riwwi.mongodb.net/XamDB?retryWrites=true&w=majority...","timestamp":"2022-03-26T04:50:46.982Z"}
{"level":"info","message":"Connected to mongodb://localhost:27017/XAM-Testing...","timestamp":"2022-03-26T07:30:15.818Z"}
{"level":"info","message":"Listening on port 3900...","timestamp":"2022-03-26T07:31:56.974Z"}
{"level":"info","message":"Connected to mongodb+srv://admin1:12345@xamdb.riwwi.mongodb.net/XamDB?retryWrites=true&w=majority...","timestamp":"2022-03-26T07:31:58.861Z"}
{"level":"info","message":"Connected to mongodb://localhost:27017/XAM-Testing...","timestamp":"2022-03-26T07:32:29.369Z"}
{"level":"info","message":"Connected to mongodb://localhost:27017/XAM-Testing...","timestamp":"2022-03-26T07:33:12.439Z"}
{"level":"info","message":"Listening on port 3000...","timestamp":"2022-03-26T07:35:05.377Z"}
{"level":"info","message":"Connected to mongodb://localhost:27017/XAM-Testing...","timestamp":"2022-03-26T07:35:05.453Z"}
{"level":"info","message":"Listening on port 3000...","timestamp":"2022-03-26T07:36:55.891Z"}
{"level":"info","message":"Connected to mongodb://localhost:27017/XAM-Testing...","timestamp":"2022-03-26T07:36:55.954Z"}
{"level":"info","message":"Listening on port 3000...","timestamp":"2022-03-26T07:42:44.487Z"}
{"level":"info","message":"Connected to mongodb://localhost:27017/XAM-Testing...","timestamp":"2022-03-26T07:42:44.522Z"}
{"level":"info","message":"Listening on port 3000...","timestamp":"2022-03-26T07:44:55.938Z"}
{"level":"info","message":"Connected to mongodb://localhost:27017/XAM-Testing...","timestamp":"2022-03-26T07:44:56.004Z"}
{"level":"info","message":"Listening on port 3000...","timestamp":"2022-03-26T07:47:34.361Z"}
{"level":"info","message":"Connected to mongodb://localhost:27017/XAM-Testing...","timestamp":"2022-03-26T07:47:34.389Z"}
{"level":"info","message":"Listening on port 3000...","timestamp":"2022-03-26T07:57:01.409Z"}
{"level":"info","message":"Connected to mongodb://localhost:27017/XAM-Testing...","timestamp":"2022-03-26T07:57:01.428Z"}
{"level":"info","message":"Listening on port 3000...","timestamp":"2022-03-26T08:03:34.309Z"}
{"level":"info","message":"Connected to mongodb://localhost:27017/XAM-Testing...","timestamp":"2022-03-26T08:03:34.327Z"}
{"level":"info","message":"Listening on port 3000...","timestamp":"2022-03-26T08:04:48.405Z"}
{"level":"info","message":"Connected to mongodb://localhost:27017/XAM-Testing...","timestamp":"2022-03-26T08:04:48.421Z"}
{"level":"info","message":"Listening on port 3900...","timestamp":"2022-03-26T08:08:01.696Z"}
{"level":"info","message":"Connected to mongodb+srv://admin1:12345@xamdb.riwwi.mongodb.net/XamDB?retryWrites=true&w=majority...","timestamp":"2022-03-26T08:08:09.080Z"}
{"level":"info","message":"Listening on port 3000...","timestamp":"2022-03-26T08:08:28.519Z"}
{"level":"info","message":"Connected to mongodb://localhost:27017/XAM-Testing...","timestamp":"2022-03-26T08:08:28.534Z"}
{"level":"info","message":"Listening on port 3000...","timestamp":"2022-03-26T08:08:43.361Z"}
{"level":"info","message":"Connected to mongodb://localhost:27017/XAM-Testing...","timestamp":"2022-03-26T08:08:43.377Z"}
{"level":"info","message":"Listening on port 3000...","timestamp":"2022-03-26T08:11:16.787Z"}
{"level":"info","message":"Connected to mongodb://localhost:27017/XAM-Testing...","timestamp":"2022-03-26T08:11:16.801Z"}
{"level":"info","message":"Listening on port 3000...","timestamp":"2022-03-26T08:11:26.313Z"}
{"level":"info","message":"Connected to mongodb://localhost:27017/XAM-Testing...","timestamp":"2022-03-26T08:11:26.329Z"}
{"level":"info","message":"Listening on port 3000...","timestamp":"2022-03-26T08:13:01.230Z"}
{"level":"info","message":"Connected to mongodb://localhost:27017/XAM-Testing...","timestamp":"2022-03-26T08:13:01.248Z"}
{"level":"info","message":"Listening on port 3000...","timestamp":"2022-03-26T08:13:31.975Z"}
{"level":"info","message":"Connected to mongodb://localhost:27017/XAM-Testing...","timestamp":"2022-03-26T08:13:31.996Z"}
{"level":"info","message":"Listening on port 3000...","timestamp":"2022-03-26T08:17:45.098Z"}
{"level":"info","message":"Connected to mongodb://localhost:27017/XAM-Testing...","timestamp":"2022-03-26T08:17:45.112Z"}
{"level":"info","message":"Listening on port 3000...","timestamp":"2022-03-26T08:20:23.969Z"}
{"level":"info","message":"Connected to mongodb://localhost:27017/XAM-Testing...","timestamp":"2022-03-26T08:20:23.987Z"}
{"level":"info","message":"Listening on port 3000...","timestamp":"2022-03-26T08:20:46.487Z"}
{"level":"info","message":"Connected to mongodb://localhost:27017/XAM-Testing...","timestamp":"2022-03-26T08:20:46.504Z"}
{"level":"info","message":"Listening on port 3000...","timestamp":"2022-03-26T08:21:34.782Z"}
{"level":"info","message":"Connected to mongodb://localhost:27017/XAM-Testing...","timestamp":"2022-03-26T08:21:34.807Z"}
{"level":"info","message":"Listening on port 3000...","timestamp":"2022-03-26T08:22:49.502Z"}
{"level":"info","message":"Connected to mongodb://localhost:27017/XAM-Testing...","timestamp":"2022-03-26T08:22:49.518Z"}
{"level":"info","message":"Listening on port 3000...","timestamp":"2022-03-26T08:23:50.495Z"}
{"level":"info","message":"Connected to mongodb://localhost:27017/XAM-Testing...","timestamp":"2022-03-26T08:23:50.511Z"}
{"level":"info","message":"Listening on port 3000...","timestamp":"2022-03-26T08:24:01.780Z"}
{"level":"info","message":"Connected to mongodb://localhost:27017/XAM-Testing...","timestamp":"2022-03-26T08:24:01.794Z"}
{"level":"info","message":"Listening on port 3000...","timestamp":"2022-03-26T08:25:15.077Z"}
{"level":"info","message":"Connected to mongodb://localhost:27017/XAM-Testing...","timestamp":"2022-03-26T08:25:15.091Z"}
{"level":"info","message":"Listening on port 3000...","timestamp":"2022-03-26T08:27:03.287Z"}
{"level":"info","message":"Connected to mongodb://localhost:27017/XAM-Testing...","timestamp":"2022-03-26T08:27:03.306Z"}
{"level":"info","message":"Listening on port 3000...","timestamp":"2022-03-26T08:27:13.937Z"}
{"level":"info","message":"Connected to mongodb://localhost:27017/XAM-Testing...","timestamp":"2022-03-26T08:27:13.955Z"}
{"level":"info","message":"Listening on port 3000...","timestamp":"2022-03-26T08:30:25.737Z"}
{"level":"info","message":"Connected to mongodb://localhost:27017/XAM-Testing...","timestamp":"2022-03-26T08:30:25.756Z"}
{"level":"info","message":"Listening on port 3000...","timestamp":"2022-03-26T08:31:12.215Z"}
{"level":"info","message":"Connected to mongodb://localhost:27017/XAM-Testing...","timestamp":"2022-03-26T08:31:12.233Z"}
{"level":"info","message":"Listening on port 3000...","timestamp":"2022-03-26T08:31:32.453Z"}
{"level":"info","message":"Connected to mongodb://localhost:27017/XAM-Testing...","timestamp":"2022-03-26T08:31:32.471Z"}
{"level":"info","message":"Listening on port 3000...","timestamp":"2022-03-26T08:31:59.250Z"}
{"level":"info","message":"Connected to mongodb://localhost:27017/XAM-Testing...","timestamp":"2022-03-26T08:31:59.270Z"}
{"level":"info","message":"Listening on port 3000...","timestamp":"2022-03-26T08:34:10.274Z"}
{"level":"info","message":"Connected to mongodb://localhost:27017/XAM-Testing...","timestamp":"2022-03-26T08:34:10.289Z"}
{"level":"info","message":"Listening on port 3000...","timestamp":"2022-03-26T08:34:21.098Z"}
{"level":"info","message":"Connected to mongodb://localhost:27017/XAM-Testing...","timestamp":"2022-03-26T08:34:21.112Z"}
{"level":"info","message":"Listening on port 3000...","timestamp":"2022-03-26T08:34:32.227Z"}
{"level":"info","message":"Connected to mongodb://localhost:27017/XAM-Testing...","timestamp":"2022-03-26T08:34:32.244Z"}
{"level":"info","message":"Listening on port 3000...","timestamp":"2022-03-26T08:35:34.468Z"}
{"level":"info","message":"Connected to mongodb://localhost:27017/XAM-Testing...","timestamp":"2022-03-26T08:35:34.484Z"}
{"level":"info","message":"Listening on port 3000...","timestamp":"2022-03-26T09:22:32.882Z"}
{"level":"info","message":"Connected to mongodb://localhost:27017/XAM-Testing...","timestamp":"2022-03-26T09:22:32.900Z"}
{"level":"info","message":"Listening on port 3000...","timestamp":"2022-03-26T09:23:24.586Z"}
{"level":"info","message":"Connected to mongodb://localhost:27017/XAM-Testing...","timestamp":"2022-03-26T09:23:24.601Z"}
{"level":"info","message":"Listening on port 3000...","timestamp":"2022-03-26T09:37:42.480Z"}
{"level":"info","message":"Connected to mongodb://localhost:27017/XAM-Testing...","timestamp":"2022-03-26T09:37:42.495Z"}
{"level":"info","message":"Listening on port 3000...","timestamp":"2022-03-26T09:57:50.291Z"}
{"level":"info","message":"Connected to mongodb://localhost:27017/XAM-Testing...","timestamp":"2022-03-26T09:57:50.307Z"}
{"level":"info","message":"Listening on port 3000...","timestamp":"2022-03-26T09:59:37.954Z"}
{"level":"info","message":"Connected to mongodb://localhost:27017/XAM-Testing...","timestamp":"2022-03-26T09:59:37.973Z"}
{"level":"info","message":"Listening on port 3000...","timestamp":"2022-03-26T10:00:31.984Z"}
{"level":"info","message":"Connected to mongodb://localhost:27017/XAM-Testing...","timestamp":"2022-03-26T10:00:32.001Z"}
{"level":"info","message":"Listening on port 3000...","timestamp":"2022-03-26T10:00:56.741Z"}
{"level":"info","message":"Connected to mongodb://localhost:27017/XAM-Testing...","timestamp":"2022-03-26T10:00:56.756Z"}
{"level":"info","message":"Listening on port 3000...","timestamp":"2022-03-26T10:00:59.869Z"}
{"level":"info","message":"Connected to mongodb://localhost:27017/XAM-Testing...","timestamp":"2022-03-26T10:00:59.884Z"}
{"level":"info","message":"Listening on port 3000...","timestamp":"2022-03-26T10:01:13.266Z"}
{"level":"info","message":"Connected to mongodb://localhost:27017/XAM-Testing...","timestamp":"2022-03-26T10:01:13.284Z"}
{"level":"info","message":"Listening on port 3000...","timestamp":"2022-03-26T10:01:17.334Z"}
{"level":"info","message":"Connected to mongodb://localhost:27017/XAM-Testing...","timestamp":"2022-03-26T10:01:17.350Z"}
{"level":"info","message":"Listening on port 3000...","timestamp":"2022-03-26T10:01:43.223Z"}
{"level":"info","message":"Connected to mongodb://localhost:27017/XAM-Testing...","timestamp":"2022-03-26T10:01:43.239Z"}
{"level":"info","message":"Listening on port 3000...","timestamp":"2022-03-26T10:02:59.695Z"}
{"level":"info","message":"Connected to mongodb://localhost:27017/XAM-Testing...","timestamp":"2022-03-26T10:02:59.719Z"}
{"level":"info","message":"Listening on port 3000...","timestamp":"2022-03-26T10:04:07.165Z"}
{"level":"info","message":"Connected to mongodb://localhost:27017/XAM-Testing...","timestamp":"2022-03-26T10:04:07.181Z"}
{"level":"info","message":"Listening on port 3000...","timestamp":"2022-03-26T10:05:02.083Z"}
{"level":"info","message":"Connected to mongodb://localhost:27017/XAM-Testing...","timestamp":"2022-03-26T10:05:02.101Z"}
{"level":"info","message":"Listening on port 3000...","timestamp":"2022-03-26T10:05:10.741Z"}
{"level":"info","message":"Connected to mongodb://localhost:27017/XAM-Testing...","timestamp":"2022-03-26T10:05:10.756Z"}
{"level":"info","message":"Listening on port 3000...","timestamp":"2022-03-26T10:05:15.691Z"}
{"level":"info","message":"Connected to mongodb://localhost:27017/XAM-Testing...","timestamp":"2022-03-26T10:05:15.707Z"}
{"level":"info","message":"Listening on port 3000...","timestamp":"2022-03-26T10:11:24.848Z"}
{"level":"info","message":"Connected to mongodb://localhost:27017/XAM-Testing...","timestamp":"2022-03-26T10:11:24.865Z"}
{"level":"info","message":"Listening on port 3000...","timestamp":"2022-03-26T10:11:55.951Z"}
{"level":"info","message":"Connected to mongodb://localhost:27017/XAM-Testing...","timestamp":"2022-03-26T10:11:55.966Z"}
{"level":"info","message":"Listening on port 3000...","timestamp":"2022-03-26T10:17:28.968Z"}
{"level":"info","message":"Connected to mongodb://localhost:27017/XAM-Testing...","timestamp":"2022-03-26T10:17:28.981Z"}
{"level":"info","message":"Listening on port 3000...","timestamp":"2022-03-26T10:17:41.277Z"}
{"level":"info","message":"Connected to mongodb://localhost:27017/XAM-Testing...","timestamp":"2022-03-26T10:17:41.296Z"}
{"level":"info","message":"Listening on port 3000...","timestamp":"2022-03-26T10:20:13.661Z"}
{"level":"info","message":"Connected to mongodb://localhost:27017/XAM-Testing...","timestamp":"2022-03-26T10:20:13.680Z"}
{"level":"info","message":"Listening on port 3000...","timestamp":"2022-03-26T10:21:15.177Z"}
{"level":"info","message":"Connected to mongodb://localhost:27017/XAM-Testing...","timestamp":"2022-03-26T10:21:15.194Z"}
{"level":"info","message":"Listening on port 3000...","timestamp":"2022-03-26T10:21:39.291Z"}
{"level":"info","message":"Connected to mongodb://localhost:27017/XAM-Testing...","timestamp":"2022-03-26T10:21:39.304Z"}
{"level":"info","message":"Listening on port 3000...","timestamp":"2022-03-26T10:23:10.930Z"}
{"level":"info","message":"Connected to mongodb://localhost:27017/XAM-Testing...","timestamp":"2022-03-26T10:23:10.946Z"}
{"level":"info","message":"Listening on port 3000...","timestamp":"2022-03-26T10:23:27.812Z"}
{"level":"info","message":"Connected to mongodb://localhost:27017/XAM-Testing...","timestamp":"2022-03-26T10:23:27.831Z"}
{"level":"info","message":"Listening on port 3000...","timestamp":"2022-03-26T10:23:39.123Z"}
{"level":"info","message":"Connected to mongodb://localhost:27017/XAM-Testing...","timestamp":"2022-03-26T10:23:39.144Z"}
{"level":"info","message":"Listening on port 3000...","timestamp":"2022-03-26T10:24:00.608Z"}
{"level":"info","message":"Connected to mongodb://localhost:27017/XAM-Testing...","timestamp":"2022-03-26T10:24:00.630Z"}
{"level":"info","message":"Listening on port 3000...","timestamp":"2022-03-26T10:24:11.483Z"}
{"level":"info","message":"Connected to mongodb://localhost:27017/XAM-Testing...","timestamp":"2022-03-26T10:24:11.502Z"}
{"level":"info","message":"Listening on port 3000...","timestamp":"2022-03-26T10:27:41.279Z"}
{"level":"info","message":"Connected to mongodb://localhost:27017/XAM-Testing...","timestamp":"2022-03-26T10:27:41.293Z"}
{"level":"info","message":"Listening on port 3000...","timestamp":"2022-03-26T10:28:13.312Z"}
{"level":"info","message":"Connected to mongodb://localhost:27017/XAM-Testing...","timestamp":"2022-03-26T10:28:13.328Z"}
{"level":"info","message":"Listening on port 3000...","timestamp":"2022-03-26T10:29:30.390Z"}
{"level":"info","message":"Connected to mongodb://localhost:27017/XAM-Testing...","timestamp":"2022-03-26T10:29:30.404Z"}
{"level":"info","message":"Listening on port 3000...","timestamp":"2022-03-26T10:35:02.988Z"}
{"level":"info","message":"Connected to mongodb://localhost:27017/XAM-Testing...","timestamp":"2022-03-26T10:35:03.007Z"}
{"level":"info","message":"Listening on port 3000...","timestamp":"2022-03-26T10:35:30.049Z"}
{"level":"info","message":"Connected to mongodb://localhost:27017/XAM-Testing...","timestamp":"2022-03-26T10:35:30.066Z"}
{"level":"info","message":"Listening on port 3000...","timestamp":"2022-03-26T10:35:43.923Z"}
{"level":"info","message":"Connected to mongodb://localhost:27017/XAM-Testing...","timestamp":"2022-03-26T10:35:43.943Z"}
{"level":"info","message":"Listening on port 3000...","timestamp":"2022-03-26T10:37:15.767Z"}
{"level":"info","message":"Connected to mongodb://localhost:27017/XAM-Testing...","timestamp":"2022-03-26T10:37:15.783Z"}
{"level":"info","message":"Listening on port 3000...","timestamp":"2022-03-26T10:38:17.312Z"}
{"level":"info","message":"Connected to mongodb://localhost:27017/XAM-Testing...","timestamp":"2022-03-26T10:38:17.330Z"}
{"level":"info","message":"Listening on port 3000...","timestamp":"2022-03-26T10:39:01.999Z"}
{"level":"info","message":"Connected to mongodb://localhost:27017/XAM-Testing...","timestamp":"2022-03-26T10:39:02.013Z"}
{"level":"info","message":"Listening on port 3000...","timestamp":"2022-03-26T10:39:58.964Z"}
{"level":"info","message":"Connected to mongodb://localhost:27017/XAM-Testing...","timestamp":"2022-03-26T10:39:58.981Z"}
{"level":"info","message":"Listening on port 3000...","timestamp":"2022-03-26T10:42:13.265Z"}
{"level":"info","message":"Connected to mongodb://localhost:27017/XAM-Testing...","timestamp":"2022-03-26T10:42:13.284Z"}
{"level":"info","message":"Listening on port 3000...","timestamp":"2022-03-26T11:05:19.316Z"}
{"level":"info","message":"Connected to mongodb://localhost:27017/XAM-Testing...","timestamp":"2022-03-26T11:05:19.339Z"}
{"level":"info","message":"Connected to mongodb://localhost:27017/XAM-Testing...","timestamp":"2022-03-26T11:05:19.339Z"}
{"level":"info","message":"Listening on port 3000...","timestamp":"2022-03-26T11:05:19.353Z"}
{"level":"info","message":"Listening on port 3000...","timestamp":"2022-03-26T11:06:26.515Z"}
{"level":"info","message":"Connected to mongodb://localhost:27017/XAM-Testing...","timestamp":"2022-03-26T11:06:26.529Z"}
{"level":"info","message":"Listening on port 3000...","timestamp":"2022-03-26T11:07:02.575Z"}
{"level":"info","message":"Connected to mongodb://localhost:27017/XAM-Testing...","timestamp":"2022-03-26T11:07:02.596Z"}
{"level":"info","message":"Connected to mongodb://localhost:27017/XAM-Testing...","timestamp":"2022-03-26T11:07:02.606Z"}
{"level":"info","message":"Listening on port 3000...","timestamp":"2022-03-26T11:07:02.620Z"}
{"level":"info","message":"Listening on port 3000...","timestamp":"2022-03-26T11:07:41.821Z"}
{"level":"info","message":"Connected to mongodb://localhost:27017/XAM-Testing...","timestamp":"2022-03-26T11:07:41.843Z"}
{"level":"info","message":"Listening on port 3000...","timestamp":"2022-03-26T11:07:41.914Z"}
{"level":"info","message":"Connected to mongodb://localhost:27017/XAM-Testing...","timestamp":"2022-03-26T11:07:41.934Z"}
{"level":"info","message":"Listening on port 3000...","timestamp":"2022-03-26T11:24:59.089Z"}
{"level":"info","message":"Connected to mongodb://localhost:27017/XAM-Testing...","timestamp":"2022-03-26T11:24:59.112Z"}
{"level":"info","message":"Listening on port 3000...","timestamp":"2022-03-26T11:24:59.196Z"}
{"level":"info","message":"Connected to mongodb://localhost:27017/XAM-Testing...","timestamp":"2022-03-26T11:24:59.229Z"}
{"level":"info","message":"Listening on port 3000...","timestamp":"2022-03-26T11:28:14.568Z"}
{"level":"info","message":"Connected to mongodb://localhost:27017/XAM-Testing...","timestamp":"2022-03-26T11:28:14.591Z"}
{"level":"info","message":"Listening on port 3000...","timestamp":"2022-03-26T11:28:14.692Z"}
{"level":"info","message":"Connected to mongodb://localhost:27017/XAM-Testing...","timestamp":"2022-03-26T11:28:14.728Z"}
{"level":"info","message":"Listening on port 3900...","timestamp":"2022-03-31T19:23:47.329Z"}
{"level":"info","message":"Connected to mongodb+srv://admin1:12345@xamdb.riwwi.mongodb.net/XamDB?retryWrites=true&w=majority...","timestamp":"2022-03-31T19:23:48.781Z"}
{"level":"info","message":"Listening on port 3900...","timestamp":"2022-04-02T10:54:39.516Z"}
{"level":"info","message":"Connected to mongodb+srv://admin1:12345@xamdb.riwwi.mongodb.net/XamDB?retryWrites=true&w=majority...","timestamp":"2022-04-02T10:54:41.225Z"}
{"level":"info","message":"Listening on port 3900...","timestamp":"2022-04-02T16:15:59.258Z"}
{"level":"info","message":"Connected to mongodb+srv://admin1:12345@xamdb.riwwi.mongodb.net/XamDB?retryWrites=true&w=majority...","timestamp":"2022-04-02T16:16:00.384Z"}
{"level":"info","message":"Listening on port 3900...","timestamp":"2022-04-02T16:28:07.033Z"}
{"level":"info","message":"Connected to mongodb+srv://admin1:12345@xamdb.riwwi.mongodb.net/XamDB?retryWrites=true&w=majority...","timestamp":"2022-04-02T16:28:07.996Z"}
{"level":"info","message":"Listening on port 3900...","timestamp":"2022-04-02T17:52:45.156Z"}
{"level":"info","message":"Connected to mongodb+srv://admin1:12345@xamdb.riwwi.mongodb.net/XamDB?retryWrites=true&w=majority...","timestamp":"2022-04-02T17:52:50.757Z"}
{"level":"info","message":"Listening on port 3900...","timestamp":"2022-04-02T18:23:23.597Z"}
{"level":"info","message":"Connected to mongodb+srv://admin1:12345@xamdb.riwwi.mongodb.net/XamDB?retryWrites=true&w=majority...","timestamp":"2022-04-02T18:23:27.358Z"}
{"level":"info","message":"Listening on port 3900...","timestamp":"2022-04-02T18:23:48.182Z"}
{"level":"info","message":"Connected to mongodb+srv://admin1:12345@xamdb.riwwi.mongodb.net/XamDB?retryWrites=true&w=majority...","timestamp":"2022-04-02T18:23:53.899Z"}
{"level":"info","message":"Listening on port 3900...","timestamp":"2022-04-02T18:44:18.007Z"}
{"level":"info","message":"Connected to mongodb+srv://admin1:12345@xamdb.riwwi.mongodb.net/XamDB?retryWrites=true&w=majority...","timestamp":"2022-04-02T18:44:33.231Z"}
{"level":"info","message":"Listening on port 3900...","timestamp":"2022-04-02T18:46:39.854Z"}
{"level":"info","message":"Listening on port 3900...","timestamp":"2022-04-02T18:46:48.474Z"}
{"level":"info","message":"Connected to mongodb+srv://admin1:12345@xamdb.riwwi.mongodb.net/XamDB?retryWrites=true&w=majority...","timestamp":"2022-04-02T18:46:53.238Z"}
{"level":"info","message":"Listening on port 3900...","timestamp":"2022-04-02T18:48:58.486Z"}
{"level":"info","message":"Listening on port 3900...","timestamp":"2022-04-02T18:48:59.892Z"}
{"level":"info","message":"Connected to mongodb+srv://admin1:12345@xamdb.riwwi.mongodb.net/XamDB?retryWrites=true&w=majority...","timestamp":"2022-04-02T18:49:04.166Z"}
{"level":"info","message":"Listening on port 3900...","timestamp":"2022-04-02T19:32:21.329Z"}
{"level":"info","message":"Connected to mongodb+srv://admin1:12345@xamdb.riwwi.mongodb.net/XamDB?retryWrites=true&w=majority...","timestamp":"2022-04-02T19:32:27.238Z"}
{"level":"info","message":"Listening on port 3900...","timestamp":"2022-04-02T19:33:35.890Z"}
{"level":"info","message":"Connected to mongodb+srv://admin1:12345@xamdb.riwwi.mongodb.net/XamDB?retryWrites=true&w=majority...","timestamp":"2022-04-02T19:33:46.460Z"}
{"level":"info","message":"Listening on port 3900...","timestamp":"2022-04-02T19:34:23.840Z"}
{"level":"info","message":"Connected to mongodb+srv://admin1:12345@xamdb.riwwi.mongodb.net/XamDB?retryWrites=true&w=majority...","timestamp":"2022-04-02T19:34:39.083Z"}
{"level":"info","message":"Listening on port 3900...","timestamp":"2022-04-02T19:34:39.918Z"}
{"level":"info","message":"Connected to mongodb+srv://admin1:12345@xamdb.riwwi.mongodb.net/XamDB?retryWrites=true&w=majority...","timestamp":"2022-04-02T19:35:05.098Z"}
{"level":"info","message":"Listening on port 3900...","timestamp":"2022-04-02T19:36:07.816Z"}
{"level":"info","message":"Connected to mongodb+srv://admin1:12345@xamdb.riwwi.mongodb.net/XamDB?retryWrites=true&w=majority...","timestamp":"2022-04-02T19:36:10.745Z"}
{"level":"info","message":"Listening on port 3900...","timestamp":"2022-04-02T19:37:26.305Z"}
{"level":"info","message":"Connected to mongodb+srv://admin1:12345@xamdb.riwwi.mongodb.net/XamDB?retryWrites=true&w=majority...","timestamp":"2022-04-02T19:37:45.048Z"}
{"level":"info","message":"Listening on port 3900...","timestamp":"2022-04-03T16:14:37.122Z"}
{"level":"info","message":"Connected to mongodb+srv://admin1:12345@xamdb.riwwi.mongodb.net/XamDB?retryWrites=true&w=majority...","timestamp":"2022-04-03T16:14:38.649Z"}
{"level":"info","message":"Listening on port 3900...","timestamp":"2022-04-03T16:26:03.837Z"}
{"level":"info","message":"Connected to mongodb+srv://admin1:12345@xamdb.riwwi.mongodb.net/XamDB?retryWrites=true&w=majority...","timestamp":"2022-04-03T16:26:04.969Z"}
{"level":"info","message":"Listening on port 3900...","timestamp":"2022-04-03T16:27:53.220Z"}
{"level":"info","message":"Connected to mongodb+srv://admin1:12345@xamdb.riwwi.mongodb.net/XamDB?retryWrites=true&w=majority...","timestamp":"2022-04-03T16:27:54.319Z"}
{"level":"info","message":"Listening on port 3900...","timestamp":"2022-04-03T17:10:21.238Z"}
{"level":"info","message":"Connected to mongodb+srv://admin1:12345@xamdb.riwwi.mongodb.net/XamDB?retryWrites=true&w=majority...","timestamp":"2022-04-03T17:10:22.354Z"}
{"level":"info","message":"Listening on port 3900...","timestamp":"2022-04-03T17:57:21.013Z"}
{"level":"info","message":"Connected to mongodb+srv://admin1:12345@xamdb.riwwi.mongodb.net/XamDB?retryWrites=true&w=majority...","timestamp":"2022-04-03T17:57:22.626Z"}
{"level":"info","message":"Listening on port 3900...","timestamp":"2022-04-03T17:58:43.461Z"}
{"level":"info","message":"Connected to mongodb+srv://admin1:12345@xamdb.riwwi.mongodb.net/XamDB?retryWrites=true&w=majority...","timestamp":"2022-04-03T17:58:44.439Z"}
{"level":"info","message":"Listening on port 3900...","timestamp":"2022-04-03T18:00:33.469Z"}
{"level":"info","message":"Connected to mongodb+srv://admin1:12345@xamdb.riwwi.mongodb.net/XamDB?retryWrites=true&w=majority...","timestamp":"2022-04-03T18:00:34.945Z"}
{"level":"info","message":"Listening on port 3900...","timestamp":"2022-04-03T18:00:47.876Z"}
{"level":"info","message":"Connected to mongodb+srv://admin1:12345@xamdb.riwwi.mongodb.net/XamDB?retryWrites=true&w=majority...","timestamp":"2022-04-03T18:00:49.046Z"}
{"level":"info","message":"Listening on port 3900...","timestamp":"2022-04-03T18:01:01.636Z"}
{"level":"info","message":"Connected to mongodb+srv://admin1:12345@xamdb.riwwi.mongodb.net/XamDB?retryWrites=true&w=majority...","timestamp":"2022-04-03T18:01:02.782Z"}
{"level":"info","message":"Listening on port 3900...","timestamp":"2022-04-03T18:01:09.675Z"}
{"level":"info","message":"Connected to mongodb+srv://admin1:12345@xamdb.riwwi.mongodb.net/XamDB?retryWrites=true&w=majority...","timestamp":"2022-04-03T18:01:10.696Z"}
{"level":"info","message":"Listening on port 3900...","timestamp":"2022-04-03T18:02:01.131Z"}
{"level":"info","message":"Connected to mongodb+srv://admin1:12345@xamdb.riwwi.mongodb.net/XamDB?retryWrites=true&w=majority...","timestamp":"2022-04-03T18:02:02.256Z"}
{"level":"info","message":"Listening on port 3900...","timestamp":"2022-04-03T20:07:43.078Z"}
{"level":"info","message":"Connected to mongodb+srv://admin1:12345@xamdb.riwwi.mongodb.net/XamDB?retryWrites=true&w=majority...","timestamp":"2022-04-03T20:07:44.139Z"}
{"level":"info","message":"Listening on port 3900...","timestamp":"2022-04-04T14:40:14.568Z"}
{"level":"info","message":"Connected to mongodb+srv://admin1:12345@xamdb.riwwi.mongodb.net/XamDB?retryWrites=true&w=majority...","timestamp":"2022-04-04T14:40:15.641Z"}
{"level":"info","message":"Listening on port 3900...","timestamp":"2022-04-04T14:40:39.487Z"}
{"level":"info","message":"Connected to mongodb+srv://admin1:12345@xamdb.riwwi.mongodb.net/XamDB?retryWrites=true&w=majority...","timestamp":"2022-04-04T14:40:40.507Z"}
